{"C:\\Users\\nisha\\Desktop\\Promptwars\\Challenge\\src\\components\\layout\\BottomNav.tsx": {"path":"C:\\Users\\nisha\\Desktop\\Promptwars\\Challenge\\src\\components\\layout\\BottomNav.tsx","statementMap":{"0":{"start":{"line":6,"column":17},"end":{"line":12,"column":null}},"1":{"start":{"line":15,"column":8},"end":{"line":15,"column":null}},"2":{"start":{"line":15,"column":33},"end":{"line":15,"column":43}},"3":{"start":{"line":17,"column":2},"end":{"line":33,"column":null}},"4":{"start":{"line":20,"column":8},"end":{"line":31,"column":null}},"5":{"start":{"line":25,"column":12},"end":{"line":25,"column":null}}},"fnMap":{"0":{"name":"BottomNav","decl":{"start":{"line":14,"column":24},"end":{"line":14,"column":36}},"loc":{"start":{"line":14,"column":36},"end":{"line":35,"column":null}},"line":14},"1":{"name":"(anonymous_1)","decl":{"start":{"line":15,"column":15},"end":{"line":15,"column":27}},"loc":{"start":{"line":15,"column":33},"end":{"line":15,"column":43}},"line":15},"2":{"name":"(anonymous_2)","decl":{"start":{"line":19,"column":16},"end":{"line":19,"column":21}},"loc":{"start":{"line":20,"column":8},"end":{"line":31,"column":null}},"line":20},"3":{"name":"(anonymous_3)","decl":{"start":{"line":24,"column":10},"end":{"line":24,"column":22}},"loc":{"start":{"line":25,"column":12},"end":{"line":25,"column":null}},"line":25}},"branchMap":{"0":{"loc":{"start":{"line":25,"column":24},"end":{"line":25,"column":null}},"type":"cond-expr","locations":[{"start":{"line":25,"column":35},"end":{"line":25,"column":46}},{"start":{"line":25,"column":46},"end":{"line":25,"column":null}}],"line":25}},"s":{"0":1,"1":2,"2":6,"3":2,"4":10,"5":10},"f":{"0":2,"1":6,"2":10,"3":10},"b":{"0":[2,8]},"meta":{"lastBranch":1,"lastFunction":4,"lastStatement":6,"seen":{"s:6:17:12:Infinity":0,"f:14:24:14:36":0,"s:15:8:15:Infinity":1,"f:15:15:15:27":1,"s:15:33:15:43":2,"s:17:2:33:Infinity":3,"f:19:16:19:21":2,"s:20:8:31:Infinity":4,"f:24:10:24:22":3,"s:25:12:25:Infinity":5,"b:25:35:25:46:25:46:25:Infinity":0}}}
,"C:\\Users\\nisha\\Desktop\\Promptwars\\Challenge\\src\\constants\\breathingPatterns.ts": {"path":"C:\\Users\\nisha\\Desktop\\Promptwars\\Challenge\\src\\constants\\breathingPatterns.ts","statementMap":{"0":{"start":{"line":22,"column":54},"end":{"line":72,"column":null}}},"fnMap":{},"branchMap":{},"s":{"0":1},"f":{},"b":{},"meta":{"lastBranch":0,"lastFunction":0,"lastStatement":1,"seen":{"s:22:54:72:Infinity":0}}}
,"C:\\Users\\nisha\\Desktop\\Promptwars\\Challenge\\src\\constants\\moods.ts": {"path":"C:\\Users\\nisha\\Desktop\\Promptwars\\Challenge\\src\\constants\\moods.ts","statementMap":{"0":{"start":{"line":3,"column":43},"end":{"line":59,"column":null}},"1":{"start":{"line":61,"column":13},"end":{"line":62,"column":null}},"2":{"start":{"line":62,"column":2},"end":{"line":62,"column":null}},"3":{"start":{"line":62,"column":25},"end":{"line":62,"column":42}}},"fnMap":{"0":{"name":"(anonymous_0)","decl":{"start":{"line":61,"column":13},"end":{"line":61,"column":31}},"loc":{"start":{"line":62,"column":2},"end":{"line":62,"column":null}},"line":62},"1":{"name":"(anonymous_1)","decl":{"start":{"line":62,"column":13},"end":{"line":62,"column":19}},"loc":{"start":{"line":62,"column":25},"end":{"line":62,"column":42}},"line":62}},"branchMap":{},"s":{"0":1,"1":1,"2":0,"3":0},"f":{"0":0,"1":0},"b":{},"meta":{"lastBranch":0,"lastFunction":2,"lastStatement":4,"seen":{"s:3:43:59:Infinity":0,"s:61:13:62:Infinity":1,"f:61:13:61:31":0,"s:62:2:62:Infinity":2,"f:62:13:62:19":1,"s:62:25:62:42":3}}}
,"C:\\Users\\nisha\\Desktop\\Promptwars\\Challenge\\src\\i18n\\index.ts": {"path":"C:\\Users\\nisha\\Desktop\\Promptwars\\Challenge\\src\\i18n\\index.ts","statementMap":{"0":{"start":{"line":1,"column":61},"end":{"line":238,"column":null}},"1":{"start":{"line":243,"column":2},"end":{"line":243,"column":null}}},"fnMap":{"0":{"name":"t","decl":{"start":{"line":242,"column":16},"end":{"line":242,"column":18}},"loc":{"start":{"line":242,"column":62},"end":{"line":244,"column":null}},"line":242}},"branchMap":{"0":{"loc":{"start":{"line":242,"column":31},"end":{"line":242,"column":62}},"type":"default-arg","locations":[{"start":{"line":242,"column":48},"end":{"line":242,"column":62}}],"line":242},"1":{"loc":{"start":{"line":243,"column":9},"end":{"line":243,"column":null}},"type":"binary-expr","locations":[{"start":{"line":243,"column":9},"end":{"line":243,"column":38}},{"start":{"line":243,"column":38},"end":{"line":243,"column":67}},{"start":{"line":243,"column":67},"end":{"line":243,"column":null}}],"line":243}},"s":{"0":1,"1":20},"f":{"0":20},"b":{"0":[20],"1":[20,0,0]},"meta":{"lastBranch":2,"lastFunction":1,"lastStatement":2,"seen":{"s:1:61:238:Infinity":0,"f:242:16:242:18":0,"b:242:48:242:62":0,"s:243:2:243:Infinity":1,"b:243:9:243:38:243:38:243:67:243:67:243:Infinity":1}}}
,"C:\\Users\\nisha\\Desktop\\Promptwars\\Challenge\\src\\pages\\Breathe.tsx": {"path":"C:\\Users\\nisha\\Desktop\\Promptwars\\Challenge\\src\\pages\\Breathe.tsx","statementMap":{"0":{"start":{"line":6,"column":15},"end":{"line":11,"column":null}},"1":{"start":{"line":14,"column":26},"end":{"line":14,"column":null}},"2":{"start":{"line":15,"column":20},"end":{"line":15,"column":null}},"3":{"start":{"line":16,"column":28},"end":{"line":16,"column":null}},"4":{"start":{"line":17,"column":20},"end":{"line":17,"column":null}},"5":{"start":{"line":18,"column":26},"end":{"line":18,"column":null}},"6":{"start":{"line":19,"column":22},"end":{"line":19,"column":null}},"7":{"start":{"line":20,"column":24},"end":{"line":20,"column":null}},"8":{"start":{"line":21,"column":8},"end":{"line":21,"column":null}},"9":{"start":{"line":22,"column":8},"end":{"line":22,"column":null}},"10":{"start":{"line":23,"column":8},"end":{"line":23,"column":null}},"11":{"start":{"line":25,"column":23},"end":{"line":25,"column":null}},"12":{"start":{"line":27,"column":8},"end":{"line":32,"column":null}},"13":{"start":{"line":28,"column":4},"end":{"line":31,"column":null}},"14":{"start":{"line":29,"column":6},"end":{"line":29,"column":null}},"15":{"start":{"line":30,"column":6},"end":{"line":30,"column":null}},"16":{"start":{"line":34,"column":8},"end":{"line":44,"column":null}},"17":{"start":{"line":35,"column":4},"end":{"line":35,"column":null}},"18":{"start":{"line":36,"column":4},"end":{"line":36,"column":null}},"19":{"start":{"line":37,"column":4},"end":{"line":37,"column":null}},"20":{"start":{"line":38,"column":4},"end":{"line":38,"column":null}},"21":{"start":{"line":39,"column":4},"end":{"line":39,"column":null}},"22":{"start":{"line":40,"column":4},"end":{"line":43,"column":null}},"23":{"start":{"line":41,"column":6},"end":{"line":41,"column":null}},"24":{"start":{"line":42,"column":6},"end":{"line":42,"column":null}},"25":{"start":{"line":46,"column":2},"end":{"line":54,"column":null}},"26":{"start":{"line":47,"column":4},"end":{"line":53,"column":null}},"27":{"start":{"line":48,"column":6},"end":{"line":52,"column":null}},"28":{"start":{"line":49,"column":8},"end":{"line":49,"column":null}},"29":{"start":{"line":49,"column":43},"end":{"line":49,"column":81}},"30":{"start":{"line":51,"column":8},"end":{"line":51,"column":null}},"31":{"start":{"line":56,"column":2},"end":{"line":87,"column":null}},"32":{"start":{"line":57,"column":4},"end":{"line":57,"column":null}},"33":{"start":{"line":57,"column":40},"end":{"line":57,"column":null}},"34":{"start":{"line":59,"column":18},"end":{"line":59,"column":null}},"35":{"start":{"line":61,"column":4},"end":{"line":61,"column":null}},"36":{"start":{"line":63,"column":4},"end":{"line":84,"column":null}},"37":{"start":{"line":64,"column":6},"end":{"line":83,"column":null}},"38":{"start":{"line":65,"column":8},"end":{"line":81,"column":null}},"39":{"start":{"line":66,"column":33},"end":{"line":66,"column":null}},"40":{"start":{"line":67,"column":10},"end":{"line":79,"column":null}},"41":{"start":{"line":68,"column":30},"end":{"line":68,"column":null}},"42":{"start":{"line":69,"column":12},"end":{"line":74,"column":null}},"43":{"start":{"line":70,"column":14},"end":{"line":70,"column":null}},"44":{"start":{"line":71,"column":14},"end":{"line":71,"column":null}},"45":{"start":{"line":72,"column":14},"end":{"line":72,"column":null}},"46":{"start":{"line":73,"column":14},"end":{"line":73,"column":null}},"47":{"start":{"line":75,"column":12},"end":{"line":75,"column":null}},"48":{"start":{"line":76,"column":12},"end":{"line":76,"column":null}},"49":{"start":{"line":78,"column":12},"end":{"line":78,"column":null}},"50":{"start":{"line":80,"column":10},"end":{"line":80,"column":null}},"51":{"start":{"line":82,"column":8},"end":{"line":82,"column":null}},"52":{"start":{"line":86,"column":4},"end":{"line":86,"column":null}},"53":{"start":{"line":89,"column":21},"end":{"line":89,"column":null}},"54":{"start":{"line":90,"column":22},"end":{"line":90,"column":null}},"55":{"start":{"line":92,"column":2},"end":{"line":123,"column":null}},"56":{"start":{"line":93,"column":4},"end":{"line":121,"column":null}},"57":{"start":{"line":100,"column":12},"end":{"line":118,"column":null}},"58":{"start":{"line":104,"column":31},"end":{"line":104,"column":60}},"59":{"start":{"line":104,"column":60},"end":{"line":104,"column":99}},"60":{"start":{"line":125,"column":2},"end":{"line":270,"column":null}},"61":{"start":{"line":129,"column":25},"end":{"line":129,"column":34}},"62":{"start":{"line":129,"column":34},"end":{"line":129,"column":60}},"63":{"start":{"line":184,"column":10},"end":{"line":189,"column":null}},"64":{"start":{"line":202,"column":14},"end":{"line":210,"column":null}},"65":{"start":{"line":204,"column":31},"end":{"line":204,"column":null}},"66":{"start":{"line":218,"column":16},"end":{"line":228,"column":null}},"67":{"start":{"line":220,"column":33},"end":{"line":220,"column":null}},"68":{"start":{"line":247,"column":29},"end":{"line":247,"column":null}}},"fnMap":{"0":{"name":"Breathe","decl":{"start":{"line":13,"column":24},"end":{"line":13,"column":34}},"loc":{"start":{"line":13,"column":34},"end":{"line":272,"column":null}},"line":13},"1":{"name":"(anonymous_1)","decl":{"start":{"line":27,"column":21},"end":{"line":27,"column":39}},"loc":{"start":{"line":27,"column":39},"end":{"line":32,"column":5}},"line":27},"2":{"name":"(anonymous_2)","decl":{"start":{"line":34,"column":16},"end":{"line":34,"column":34}},"loc":{"start":{"line":34,"column":34},"end":{"line":44,"column":5}},"line":34},"3":{"name":"(anonymous_3)","decl":{"start":{"line":46,"column":2},"end":{"line":46,"column":18}},"loc":{"start":{"line":46,"column":18},"end":{"line":54,"column":5}},"line":46},"4":{"name":"(anonymous_4)","decl":{"start":{"line":49,"column":32},"end":{"line":49,"column":38}},"loc":{"start":{"line":49,"column":43},"end":{"line":49,"column":81}},"line":49},"5":{"name":"(anonymous_5)","decl":{"start":{"line":56,"column":2},"end":{"line":56,"column":18}},"loc":{"start":{"line":56,"column":18},"end":{"line":87,"column":5}},"line":56},"6":{"name":"(anonymous_6)","decl":{"start":{"line":63,"column":23},"end":{"line":63,"column":41}},"loc":{"start":{"line":63,"column":41},"end":{"line":84,"column":7}},"line":63},"7":{"name":"(anonymous_7)","decl":{"start":{"line":64,"column":6},"end":{"line":64,"column":20}},"loc":{"start":{"line":64,"column":29},"end":{"line":83,"column":7}},"line":64},"8":{"name":"(anonymous_8)","decl":{"start":{"line":99,"column":30},"end":{"line":99,"column":35}},"loc":{"start":{"line":100,"column":12},"end":{"line":118,"column":null}},"line":100},"9":{"name":"(anonymous_9)","decl":{"start":{"line":104,"column":14},"end":{"line":104,"column":29}},"loc":{"start":{"line":104,"column":29},"end":{"line":104,"column":null}},"line":104},"10":{"name":"(anonymous_10)","decl":{"start":{"line":129,"column":8},"end":{"line":129,"column":23}},"loc":{"start":{"line":129,"column":23},"end":{"line":129,"column":null}},"line":129},"11":{"name":"(anonymous_11)","decl":{"start":{"line":183,"column":45},"end":{"line":183,"column":50}},"loc":{"start":{"line":184,"column":10},"end":{"line":189,"column":null}},"line":184},"12":{"name":"(anonymous_12)","decl":{"start":{"line":201,"column":26},"end":{"line":201,"column":31}},"loc":{"start":{"line":202,"column":14},"end":{"line":210,"column":null}},"line":202},"13":{"name":"(anonymous_13)","decl":{"start":{"line":204,"column":16},"end":{"line":204,"column":31}},"loc":{"start":{"line":204,"column":31},"end":{"line":204,"column":null}},"line":204},"14":{"name":"(anonymous_14)","decl":{"start":{"line":217,"column":22},"end":{"line":217,"column":26}},"loc":{"start":{"line":218,"column":16},"end":{"line":228,"column":null}},"line":218},"15":{"name":"(anonymous_15)","decl":{"start":{"line":220,"column":18},"end":{"line":220,"column":33}},"loc":{"start":{"line":220,"column":33},"end":{"line":220,"column":null}},"line":220},"16":{"name":"(anonymous_16)","decl":{"start":{"line":247,"column":14},"end":{"line":247,"column":29}},"loc":{"start":{"line":247,"column":29},"end":{"line":247,"column":null}},"line":247}},"branchMap":{"0":{"loc":{"start":{"line":25,"column":23},"end":{"line":25,"column":null}},"type":"cond-expr","locations":[{"start":{"line":25,"column":41},"end":{"line":25,"column":85}},{"start":{"line":25,"column":85},"end":{"line":25,"column":null}}],"line":25},"1":{"loc":{"start":{"line":28,"column":4},"end":{"line":31,"column":null}},"type":"if","locations":[{"start":{"line":28,"column":4},"end":{"line":31,"column":null}},{"start":{},"end":{}}],"line":28},"2":{"loc":{"start":{"line":40,"column":4},"end":{"line":43,"column":null}},"type":"if","locations":[{"start":{"line":40,"column":4},"end":{"line":43,"column":null}},{"start":{},"end":{}}],"line":40},"3":{"loc":{"start":{"line":47,"column":4},"end":{"line":53,"column":null}},"type":"if","locations":[{"start":{"line":47,"column":4},"end":{"line":53,"column":null}},{"start":{},"end":{}}],"line":47},"4":{"loc":{"start":{"line":48,"column":6},"end":{"line":52,"column":null}},"type":"if","locations":[{"start":{"line":48,"column":6},"end":{"line":52,"column":null}},{"start":{"line":50,"column":13},"end":{"line":52,"column":null}}],"line":48},"5":{"loc":{"start":{"line":48,"column":10},"end":{"line":48,"column":42}},"type":"binary-expr","locations":[{"start":{"line":48,"column":10},"end":{"line":48,"column":23}},{"start":{"line":48,"column":23},"end":{"line":48,"column":42}}],"line":48},"6":{"loc":{"start":{"line":57,"column":4},"end":{"line":57,"column":null}},"type":"if","locations":[{"start":{"line":57,"column":4},"end":{"line":57,"column":null}},{"start":{},"end":{}}],"line":57},"7":{"loc":{"start":{"line":57,"column":8},"end":{"line":57,"column":40}},"type":"binary-expr","locations":[{"start":{"line":57,"column":8},"end":{"line":57,"column":22}},{"start":{"line":57,"column":22},"end":{"line":57,"column":40}}],"line":57},"8":{"loc":{"start":{"line":65,"column":8},"end":{"line":81,"column":null}},"type":"if","locations":[{"start":{"line":65,"column":8},"end":{"line":81,"column":null}},{"start":{},"end":{}}],"line":65},"9":{"loc":{"start":{"line":67,"column":10},"end":{"line":79,"column":null}},"type":"if","locations":[{"start":{"line":67,"column":10},"end":{"line":79,"column":null}},{"start":{"line":77,"column":17},"end":{"line":79,"column":null}}],"line":67},"10":{"loc":{"start":{"line":69,"column":12},"end":{"line":74,"column":null}},"type":"if","locations":[{"start":{"line":69,"column":12},"end":{"line":74,"column":null}},{"start":{},"end":{}}],"line":69},"11":{"loc":{"start":{"line":89,"column":21},"end":{"line":89,"column":null}},"type":"binary-expr","locations":[{"start":{"line":89,"column":21},"end":{"line":89,"column":55}},{"start":{"line":89,"column":55},"end":{"line":89,"column":null}}],"line":89},"12":{"loc":{"start":{"line":90,"column":22},"end":{"line":90,"column":null}},"type":"cond-expr","locations":[{"start":{"line":90,"column":37},"end":{"line":90,"column":58}},{"start":{"line":90,"column":58},"end":{"line":90,"column":null}}],"line":90},"13":{"loc":{"start":{"line":92,"column":2},"end":{"line":123,"column":null}},"type":"if","locations":[{"start":{"line":92,"column":2},"end":{"line":123,"column":null}},{"start":{},"end":{}}],"line":92},"14":{"loc":{"start":{"line":144,"column":12},"end":{"line":146,"column":null}},"type":"cond-expr","locations":[{"start":{"line":145,"column":16},"end":{"line":145,"column":null}},{"start":{"line":146,"column":16},"end":{"line":146,"column":null}}],"line":144},"15":{"loc":{"start":{"line":144,"column":12},"end":{"line":144,"column":null}},"type":"binary-expr","locations":[{"start":{"line":144,"column":12},"end":{"line":144,"column":25}},{"start":{"line":144,"column":25},"end":{"line":144,"column":null}}],"line":144},"16":{"loc":{"start":{"line":148,"column":34},"end":{"line":148,"column":63}},"type":"binary-expr","locations":[{"start":{"line":148,"column":34},"end":{"line":148,"column":60}},{"start":{"line":148,"column":60},"end":{"line":148,"column":63}}],"line":148},"17":{"loc":{"start":{"line":151,"column":13},"end":{"line":168,"column":null}},"type":"cond-expr","locations":[{"start":{"line":152,"column":14},"end":{"line":156,"column":29}},{"start":{"line":156,"column":16},"end":{"line":168,"column":null}}],"line":151},"18":{"loc":{"start":{"line":156,"column":16},"end":{"line":168,"column":null}},"type":"cond-expr","locations":[{"start":{"line":157,"column":14},"end":{"line":165,"column":null}},{"start":{"line":165,"column":14},"end":{"line":168,"column":null}}],"line":156},"19":{"loc":{"start":{"line":156,"column":16},"end":{"line":156,"column":null}},"type":"binary-expr","locations":[{"start":{"line":156,"column":16},"end":{"line":156,"column":29}},{"start":{"line":156,"column":29},"end":{"line":156,"column":null}}],"line":156},"20":{"loc":{"start":{"line":175,"column":7},"end":{"line":178,"column":null}},"type":"binary-expr","locations":[{"start":{"line":175,"column":7},"end":{"line":175,"column":20}},{"start":{"line":175,"column":20},"end":{"line":175,"column":null}},{"start":{"line":176,"column":8},"end":{"line":178,"column":null}}],"line":175},"21":{"loc":{"start":{"line":187,"column":14},"end":{"line":187,"column":null}},"type":"cond-expr","locations":[{"start":{"line":187,"column":36},"end":{"line":187,"column":65}},{"start":{"line":187,"column":65},"end":{"line":187,"column":null}}],"line":187},"22":{"loc":{"start":{"line":197,"column":7},"end":{"line":232,"column":null}},"type":"binary-expr","locations":[{"start":{"line":197,"column":7},"end":{"line":197,"column":21}},{"start":{"line":197,"column":21},"end":{"line":197,"column":null}},{"start":{"line":198,"column":8},"end":{"line":232,"column":null}}],"line":197},"23":{"loc":{"start":{"line":206,"column":18},"end":{"line":206,"column":null}},"type":"cond-expr","locations":[{"start":{"line":206,"column":38},"end":{"line":206,"column":69}},{"start":{"line":206,"column":69},"end":{"line":206,"column":null}}],"line":206},"24":{"loc":{"start":{"line":222,"column":20},"end":{"line":224,"column":null}},"type":"cond-expr","locations":[{"start":{"line":223,"column":24},"end":{"line":223,"column":null}},{"start":{"line":224,"column":24},"end":{"line":224,"column":null}}],"line":222},"25":{"loc":{"start":{"line":237,"column":9},"end":{"line":263,"column":null}},"type":"cond-expr","locations":[{"start":{"line":238,"column":10},"end":{"line":245,"column":null}},{"start":{"line":245,"column":10},"end":{"line":263,"column":null}}],"line":237},"26":{"loc":{"start":{"line":250,"column":26},"end":{"line":250,"column":null}},"type":"cond-expr","locations":[{"start":{"line":250,"column":38},"end":{"line":250,"column":48}},{"start":{"line":250,"column":48},"end":{"line":250,"column":null}}],"line":250},"27":{"loc":{"start":{"line":252,"column":15},"end":{"line":252,"column":null}},"type":"cond-expr","locations":[{"start":{"line":252,"column":27},"end":{"line":252,"column":50}},{"start":{"line":252,"column":49},"end":{"line":252,"column":null}}],"line":252},"28":{"loc":{"start":{"line":254,"column":14},"end":{"line":263,"column":null}},"type":"binary-expr","locations":[{"start":{"line":254,"column":14},"end":{"line":254,"column":27}},{"start":{"line":254,"column":27},"end":{"line":254,"column":null}},{"start":{"line":255,"column":14},"end":{"line":263,"column":null}}],"line":254}},"s":{"0":1,"1":6,"2":6,"3":6,"4":6,"5":6,"6":6,"7":6,"8":6,"9":6,"10":6,"11":6,"12":6,"13":0,"14":0,"15":0,"16":6,"17":0,"18":0,"19":0,"20":0,"21":0,"22":0,"23":0,"24":0,"25":6,"26":3,"27":0,"28":0,"29":0,"30":0,"31":6,"32":6,"33":6,"34":0,"35":0,"36":0,"37":0,"38":0,"39":0,"40":0,"41":0,"42":0,"43":0,"44":0,"45":0,"46":0,"47":0,"48":0,"49":0,"50":0,"51":0,"52":0,"53":6,"54":6,"55":6,"56":3,"57":9,"58":2,"59":2,"60":3,"61":0,"62":0,"63":16,"64":12,"65":1,"66":12,"67":0,"68":0},"f":{"0":6,"1":0,"2":0,"3":3,"4":0,"5":6,"6":0,"7":0,"8":9,"9":2,"10":0,"11":16,"12":12,"13":1,"14":12,"15":0,"16":0},"b":{"0":[3,3],"1":[0,0],"2":[0,0],"3":[0,3],"4":[0,0],"5":[0,0],"6":[6,0],"7":[6,0],"8":[0,0],"9":[0,0],"10":[0,0],"11":[6,0],"12":[3,3],"13":[3,3],"14":[0,3],"15":[3,0],"16":[6,0],"17":[0,3],"18":[0,3],"19":[3,0],"20":[6,0,0],"21":[0,16],"22":[6,3,3],"23":[3,9],"24":[3,9],"25":[0,3],"26":[0,3],"27":[0,3],"28":[3,3,0]},"meta":{"lastBranch":29,"lastFunction":17,"lastStatement":69,"seen":{"s:6:15:11:Infinity":0,"f:13:24:13:34":0,"s:14:26:14:Infinity":1,"s:15:20:15:Infinity":2,"s:16:28:16:Infinity":3,"s:17:20:17:Infinity":4,"s:18:26:18:Infinity":5,"s:19:22:19:Infinity":6,"s:20:24:20:Infinity":7,"s:21:8:21:Infinity":8,"s:22:8:22:Infinity":9,"s:23:8:23:Infinity":10,"s:25:23:25:Infinity":11,"b:25:41:25:85:25:85:25:Infinity":0,"s:27:8:32:Infinity":12,"f:27:21:27:39":1,"b:28:4:31:Infinity:undefined:undefined:undefined:undefined":1,"s:28:4:31:Infinity":13,"s:29:6:29:Infinity":14,"s:30:6:30:Infinity":15,"s:34:8:44:Infinity":16,"f:34:16:34:34":2,"s:35:4:35:Infinity":17,"s:36:4:36:Infinity":18,"s:37:4:37:Infinity":19,"s:38:4:38:Infinity":20,"s:39:4:39:Infinity":21,"b:40:4:43:Infinity:undefined:undefined:undefined:undefined":2,"s:40:4:43:Infinity":22,"s:41:6:41:Infinity":23,"s:42:6:42:Infinity":24,"s:46:2:54:Infinity":25,"f:46:2:46:18":3,"b:47:4:53:Infinity:undefined:undefined:undefined:undefined":3,"s:47:4:53:Infinity":26,"b:48:6:52:Infinity:50:13:52:Infinity":4,"s:48:6:52:Infinity":27,"b:48:10:48:23:48:23:48:42":5,"s:49:8:49:Infinity":28,"f:49:32:49:38":4,"s:49:43:49:81":29,"s:51:8:51:Infinity":30,"s:56:2:87:Infinity":31,"f:56:2:56:18":5,"b:57:4:57:Infinity:undefined:undefined:undefined:undefined":6,"s:57:4:57:Infinity":32,"b:57:8:57:22:57:22:57:40":7,"s:57:40:57:Infinity":33,"s:59:18:59:Infinity":34,"s:61:4:61:Infinity":35,"s:63:4:84:Infinity":36,"f:63:23:63:41":6,"s:64:6:83:Infinity":37,"f:64:6:64:20":7,"b:65:8:81:Infinity:undefined:undefined:undefined:undefined":8,"s:65:8:81:Infinity":38,"s:66:33:66:Infinity":39,"b:67:10:79:Infinity:77:17:79:Infinity":9,"s:67:10:79:Infinity":40,"s:68:30:68:Infinity":41,"b:69:12:74:Infinity:undefined:undefined:undefined:undefined":10,"s:69:12:74:Infinity":42,"s:70:14:70:Infinity":43,"s:71:14:71:Infinity":44,"s:72:14:72:Infinity":45,"s:73:14:73:Infinity":46,"s:75:12:75:Infinity":47,"s:76:12:76:Infinity":48,"s:78:12:78:Infinity":49,"s:80:10:80:Infinity":50,"s:82:8:82:Infinity":51,"s:86:4:86:Infinity":52,"s:89:21:89:Infinity":53,"b:89:21:89:55:89:55:89:Infinity":11,"s:90:22:90:Infinity":54,"b:90:37:90:58:90:58:90:Infinity":12,"b:92:2:123:Infinity:undefined:undefined:undefined:undefined":13,"s:92:2:123:Infinity":55,"s:93:4:121:Infinity":56,"f:99:30:99:35":8,"s:100:12:118:Infinity":57,"f:104:14:104:29":9,"s:104:31:104:60":58,"s:104:60:104:99":59,"s:125:2:270:Infinity":60,"f:129:8:129:23":10,"s:129:25:129:34":61,"s:129:34:129:60":62,"b:145:16:145:Infinity:146:16:146:Infinity":14,"b:144:12:144:25:144:25:144:Infinity":15,"b:148:34:148:60:148:60:148:63":16,"b:152:14:156:29:156:16:168:Infinity":17,"b:157:14:165:Infinity:165:14:168:Infinity":18,"b:156:16:156:29:156:29:156:Infinity":19,"b:175:7:175:20:175:20:175:Infinity:176:8:178:Infinity":20,"f:183:45:183:50":11,"s:184:10:189:Infinity":63,"b:187:36:187:65:187:65:187:Infinity":21,"b:197:7:197:21:197:21:197:Infinity:198:8:232:Infinity":22,"f:201:26:201:31":12,"s:202:14:210:Infinity":64,"f:204:16:204:31":13,"s:204:31:204:Infinity":65,"b:206:38:206:69:206:69:206:Infinity":23,"f:217:22:217:26":14,"s:218:16:228:Infinity":66,"f:220:18:220:33":15,"s:220:33:220:Infinity":67,"b:223:24:223:Infinity:224:24:224:Infinity":24,"b:238:10:245:Infinity:245:10:263:Infinity":25,"f:247:14:247:29":16,"s:247:29:247:Infinity":68,"b:250:38:250:48:250:48:250:Infinity":26,"b:252:27:252:50:252:49:252:Infinity":27,"b:254:14:254:27:254:27:254:Infinity:255:14:263:Infinity":28}}}
,"C:\\Users\\nisha\\Desktop\\Promptwars\\Challenge\\src\\store\\journalStore.ts": {"path":"C:\\Users\\nisha\\Desktop\\Promptwars\\Challenge\\src\\store\\journalStore.ts","statementMap":{"0":{"start":{"line":13,"column":13},"end":{"line":49,"column":null}},"1":{"start":{"line":13,"column":62},"end":{"line":49,"column":2}},"2":{"start":{"line":18,"column":4},"end":{"line":23,"column":null}},"3":{"start":{"line":19,"column":22},"end":{"line":19,"column":null}},"4":{"start":{"line":20,"column":6},"end":{"line":20,"column":null}},"5":{"start":{"line":22,"column":6},"end":{"line":22,"column":null}},"6":{"start":{"line":27,"column":32},"end":{"line":35,"column":null}},"7":{"start":{"line":37,"column":15},"end":{"line":37,"column":null}},"8":{"start":{"line":38,"column":23},"end":{"line":38,"column":null}},"9":{"start":{"line":39,"column":20},"end":{"line":39,"column":null}},"10":{"start":{"line":40,"column":4},"end":{"line":40,"column":null}},"11":{"start":{"line":41,"column":4},"end":{"line":41,"column":null}},"12":{"start":{"line":45,"column":4},"end":{"line":45,"column":null}},"13":{"start":{"line":46,"column":20},"end":{"line":46,"column":null}},"14":{"start":{"line":47,"column":4},"end":{"line":47,"column":null}}},"fnMap":{"0":{"name":"(anonymous_0)","decl":{"start":{"line":13,"column":31},"end":{"line":13,"column":53}},"loc":{"start":{"line":13,"column":62},"end":{"line":49,"column":2}},"line":13},"1":{"name":"(anonymous_1)","decl":{"start":{"line":17,"column":15},"end":{"line":17,"column":27}},"loc":{"start":{"line":17,"column":27},"end":{"line":24,"column":null}},"line":17},"2":{"name":"(anonymous_2)","decl":{"start":{"line":26,"column":12},"end":{"line":26,"column":19}},"loc":{"start":{"line":26,"column":54},"end":{"line":42,"column":null}},"line":26},"3":{"name":"(anonymous_3)","decl":{"start":{"line":44,"column":15},"end":{"line":44,"column":22}},"loc":{"start":{"line":44,"column":29},"end":{"line":48,"column":null}},"line":44}},"branchMap":{"0":{"loc":{"start":{"line":26,"column":40},"end":{"line":26,"column":54}},"type":"default-arg","locations":[{"start":{"line":26,"column":47},"end":{"line":26,"column":54}}],"line":26}},"s":{"0":1,"1":1,"2":0,"3":0,"4":0,"5":0,"6":1,"7":1,"8":1,"9":1,"10":1,"11":1,"12":0,"13":0,"14":0},"f":{"0":1,"1":0,"2":1,"3":0},"b":{"0":[1]},"meta":{"lastBranch":1,"lastFunction":4,"lastStatement":15,"seen":{"s:13:13:49:Infinity":0,"f:13:31:13:53":0,"s:13:62:49:2":1,"f:17:15:17:27":1,"s:18:4:23:Infinity":2,"s:19:22:19:Infinity":3,"s:20:6:20:Infinity":4,"s:22:6:22:Infinity":5,"f:26:12:26:19":2,"b:26:47:26:54":0,"s:27:32:35:Infinity":6,"s:37:15:37:Infinity":7,"s:38:23:38:Infinity":8,"s:39:20:39:Infinity":9,"s:40:4:40:Infinity":10,"s:41:4:41:Infinity":11,"f:44:15:44:22":3,"s:45:4:45:Infinity":12,"s:46:20:46:Infinity":13,"s:47:4:47:Infinity":14}}}
,"C:\\Users\\nisha\\Desktop\\Promptwars\\Challenge\\src\\store\\moodStore.ts": {"path":"C:\\Users\\nisha\\Desktop\\Promptwars\\Challenge\\src\\store\\moodStore.ts","statementMap":{"0":{"start":{"line":17,"column":14},"end":{"line":17,"column":null}},"1":{"start":{"line":18,"column":14},"end":{"line":18,"column":null}},"2":{"start":{"line":19,"column":2},"end":{"line":19,"column":null}},"3":{"start":{"line":22,"column":13},"end":{"line":113,"column":null}},"4":{"start":{"line":22,"column":61},"end":{"line":113,"column":2}},"5":{"start":{"line":28,"column":4},"end":{"line":35,"column":null}},"6":{"start":{"line":29,"column":22},"end":{"line":29,"column":null}},"7":{"start":{"line":30,"column":20},"end":{"line":30,"column":null}},"8":{"start":{"line":31,"column":25},"end":{"line":31,"column":null}},"9":{"start":{"line":31,"column":45},"end":{"line":31,"column":61}},"10":{"start":{"line":32,"column":6},"end":{"line":32,"column":null}},"11":{"start":{"line":34,"column":6},"end":{"line":34,"column":null}},"12":{"start":{"line":39,"column":18},"end":{"line":39,"column":null}},"13":{"start":{"line":40,"column":17},"end":{"line":40,"column":null}},"14":{"start":{"line":40,"column":40},"end":{"line":40,"column":57}},"15":{"start":{"line":42,"column":21},"end":{"line":42,"column":null}},"16":{"start":{"line":43,"column":4},"end":{"line":57,"column":null}},"17":{"start":{"line":44,"column":33},"end":{"line":52,"column":null}},"18":{"start":{"line":53,"column":6},"end":{"line":53,"column":null}},"19":{"start":{"line":54,"column":22},"end":{"line":54,"column":null}},"20":{"start":{"line":55,"column":6},"end":{"line":55,"column":null}},"21":{"start":{"line":56,"column":6},"end":{"line":56,"column":null}},"22":{"start":{"line":59,"column":29},"end":{"line":67,"column":null}},"23":{"start":{"line":69,"column":15},"end":{"line":69,"column":null}},"24":{"start":{"line":70,"column":23},"end":{"line":70,"column":null}},"25":{"start":{"line":71,"column":20},"end":{"line":71,"column":null}},"26":{"start":{"line":72,"column":4},"end":{"line":72,"column":null}},"27":{"start":{"line":75,"column":23},"end":{"line":75,"column":null}},"28":{"start":{"line":76,"column":4},"end":{"line":91,"column":null}},"29":{"start":{"line":77,"column":24},"end":{"line":77,"column":null}},"30":{"start":{"line":78,"column":6},"end":{"line":78,"column":null}},"31":{"start":{"line":79,"column":27},"end":{"line":79,"column":null}},"32":{"start":{"line":81,"column":28},"end":{"line":81,"column":null}},"33":{"start":{"line":82,"column":24},"end":{"line":82,"column":null}},"34":{"start":{"line":84,"column":6},"end":{"line":90,"column":null}},"35":{"start":{"line":93,"column":4},"end":{"line":93,"column":null}},"36":{"start":{"line":97,"column":20},"end":{"line":97,"column":null}},"37":{"start":{"line":98,"column":19},"end":{"line":98,"column":null}},"38":{"start":{"line":99,"column":4},"end":{"line":99,"column":null}},"39":{"start":{"line":100,"column":22},"end":{"line":100,"column":null}},"40":{"start":{"line":101,"column":4},"end":{"line":101,"column":null}},"41":{"start":{"line":101,"column":33},"end":{"line":101,"column":52}},"42":{"start":{"line":105,"column":20},"end":{"line":105,"column":null}},"43":{"start":{"line":106,"column":16},"end":{"line":106,"column":null}},"44":{"start":{"line":107,"column":4},"end":{"line":110,"column":null}},"45":{"start":{"line":108,"column":6},"end":{"line":109,"column":null}},"46":{"start":{"line":108,"column":32},"end":{"line":108,"column":null}},"47":{"start":{"line":109,"column":11},"end":{"line":109,"column":null}},"48":{"start":{"line":111,"column":4},"end":{"line":111,"column":null}}},"fnMap":{"0":{"name":"getTodayDateIST","decl":{"start":{"line":16,"column":9},"end":{"line":16,"column":35}},"loc":{"start":{"line":16,"column":35},"end":{"line":20,"column":null}},"line":16},"1":{"name":"(anonymous_1)","decl":{"start":{"line":22,"column":28},"end":{"line":22,"column":47}},"loc":{"start":{"line":22,"column":61},"end":{"line":113,"column":2}},"line":22},"2":{"name":"(anonymous_2)","decl":{"start":{"line":27,"column":15},"end":{"line":27,"column":27}},"loc":{"start":{"line":27,"column":27},"end":{"line":36,"column":null}},"line":27},"3":{"name":"(anonymous_3)","decl":{"start":{"line":31,"column":33},"end":{"line":31,"column":39}},"loc":{"start":{"line":31,"column":45},"end":{"line":31,"column":61}},"line":31},"4":{"name":"(anonymous_4)","decl":{"start":{"line":38,"column":12},"end":{"line":38,"column":19}},"loc":{"start":{"line":38,"column":65},"end":{"line":94,"column":null}},"line":38},"5":{"name":"(anonymous_5)","decl":{"start":{"line":40,"column":28},"end":{"line":40,"column":34}},"loc":{"start":{"line":40,"column":40},"end":{"line":40,"column":57}},"line":40},"6":{"name":"(anonymous_6)","decl":{"start":{"line":96,"column":2},"end":{"line":96,"column":21}},"loc":{"start":{"line":96,"column":30},"end":{"line":102,"column":null}},"line":96},"7":{"name":"(anonymous_7)","decl":{"start":{"line":101,"column":19},"end":{"line":101,"column":27}},"loc":{"start":{"line":101,"column":33},"end":{"line":101,"column":52}},"line":101},"8":{"name":"(anonymous_8)","decl":{"start":{"line":104,"column":2},"end":{"line":104,"column":31}},"loc":{"start":{"line":104,"column":31},"end":{"line":112,"column":null}},"line":104}},"branchMap":{"0":{"loc":{"start":{"line":31,"column":25},"end":{"line":31,"column":null}},"type":"binary-expr","locations":[{"start":{"line":31,"column":25},"end":{"line":31,"column":66}},{"start":{"line":31,"column":66},"end":{"line":31,"column":null}}],"line":31},"1":{"loc":{"start":{"line":38,"column":26},"end":{"line":38,"column":41}},"type":"default-arg","locations":[{"start":{"line":38,"column":37},"end":{"line":38,"column":41}}],"line":38},"2":{"loc":{"start":{"line":38,"column":41},"end":{"line":38,"column":56}},"type":"default-arg","locations":[{"start":{"line":38,"column":52},"end":{"line":38,"column":56}}],"line":38},"3":{"loc":{"start":{"line":43,"column":4},"end":{"line":57,"column":null}},"type":"if","locations":[{"start":{"line":43,"column":4},"end":{"line":57,"column":null}},{"start":{},"end":{}}],"line":43},"4":{"loc":{"start":{"line":47,"column":19},"end":{"line":47,"column":null}},"type":"binary-expr","locations":[{"start":{"line":47,"column":19},"end":{"line":47,"column":31}},{"start":{"line":47,"column":31},"end":{"line":47,"column":null}}],"line":47},"5":{"loc":{"start":{"line":63,"column":17},"end":{"line":63,"column":null}},"type":"binary-expr","locations":[{"start":{"line":63,"column":17},"end":{"line":63,"column":29}},{"start":{"line":63,"column":29},"end":{"line":63,"column":null}}],"line":63},"6":{"loc":{"start":{"line":76,"column":4},"end":{"line":91,"column":null}},"type":"if","locations":[{"start":{"line":76,"column":4},"end":{"line":91,"column":null}},{"start":{},"end":{}}],"line":76},"7":{"loc":{"start":{"line":81,"column":28},"end":{"line":81,"column":null}},"type":"binary-expr","locations":[{"start":{"line":81,"column":28},"end":{"line":81,"column":75}},{"start":{"line":81,"column":75},"end":{"line":81,"column":null}}],"line":81},"8":{"loc":{"start":{"line":82,"column":24},"end":{"line":82,"column":null}},"type":"cond-expr","locations":[{"start":{"line":82,"column":40},"end":{"line":82,"column":71}},{"start":{"line":82,"column":71},"end":{"line":82,"column":null}}],"line":82},"9":{"loc":{"start":{"line":108,"column":6},"end":{"line":109,"column":null}},"type":"if","locations":[{"start":{"line":108,"column":6},"end":{"line":109,"column":null}},{"start":{"line":109,"column":11},"end":{"line":109,"column":null}}],"line":108}},"s":{"0":1,"1":1,"2":1,"3":1,"4":1,"5":0,"6":0,"7":0,"8":0,"9":0,"10":0,"11":0,"12":1,"13":1,"14":4,"15":1,"16":1,"17":0,"18":0,"19":0,"20":0,"21":0,"22":1,"23":1,"24":1,"25":1,"26":1,"27":1,"28":1,"29":1,"30":1,"31":1,"32":1,"33":1,"34":1,"35":1,"36":0,"37":0,"38":0,"39":0,"40":0,"41":0,"42":1,"43":1,"44":1,"45":3,"46":2,"47":1,"48":1},"f":{"0":1,"1":1,"2":0,"3":0,"4":1,"5":4,"6":0,"7":0,"8":1},"b":{"0":[0,0],"1":[1],"2":[1],"3":[0,1],"4":[0,0],"5":[1,0],"6":[1,0],"7":[1,1],"8":[1,0],"9":[2,1]},"meta":{"lastBranch":10,"lastFunction":9,"lastStatement":49,"seen":{"f:16:9:16:35":0,"s:17:14:17:Infinity":0,"s:18:14:18:Infinity":1,"s:19:2:19:Infinity":2,"s:22:13:113:Infinity":3,"f:22:28:22:47":1,"s:22:61:113:2":4,"f:27:15:27:27":2,"s:28:4:35:Infinity":5,"s:29:22:29:Infinity":6,"s:30:20:30:Infinity":7,"s:31:25:31:Infinity":8,"b:31:25:31:66:31:66:31:Infinity":0,"f:31:33:31:39":3,"s:31:45:31:61":9,"s:32:6:32:Infinity":10,"s:34:6:34:Infinity":11,"f:38:12:38:19":4,"b:38:37:38:41":1,"b:38:52:38:56":2,"s:39:18:39:Infinity":12,"s:40:17:40:Infinity":13,"f:40:28:40:34":5,"s:40:40:40:57":14,"s:42:21:42:Infinity":15,"b:43:4:57:Infinity:undefined:undefined:undefined:undefined":3,"s:43:4:57:Infinity":16,"s:44:33:52:Infinity":17,"b:47:19:47:31:47:31:47:Infinity":4,"s:53:6:53:Infinity":18,"s:54:22:54:Infinity":19,"s:55:6:55:Infinity":20,"s:56:6:56:Infinity":21,"s:59:29:67:Infinity":22,"b:63:17:63:29:63:29:63:Infinity":5,"s:69:15:69:Infinity":23,"s:70:23:70:Infinity":24,"s:71:20:71:Infinity":25,"s:72:4:72:Infinity":26,"s:75:23:75:Infinity":27,"b:76:4:91:Infinity:undefined:undefined:undefined:undefined":6,"s:76:4:91:Infinity":28,"s:77:24:77:Infinity":29,"s:78:6:78:Infinity":30,"s:79:27:79:Infinity":31,"s:81:28:81:Infinity":32,"b:81:28:81:75:81:75:81:Infinity":7,"s:82:24:82:Infinity":33,"b:82:40:82:71:82:71:82:Infinity":8,"s:84:6:90:Infinity":34,"s:93:4:93:Infinity":35,"f:96:2:96:21":6,"s:97:20:97:Infinity":36,"s:98:19:98:Infinity":37,"s:99:4:99:Infinity":38,"s:100:22:100:Infinity":39,"s:101:4:101:Infinity":40,"f:101:19:101:27":7,"s:101:33:101:52":41,"f:104:2:104:31":8,"s:105:20:105:Infinity":42,"s:106:16:106:Infinity":43,"s:107:4:110:Infinity":44,"b:108:6:109:Infinity:109:11:109:Infinity":9,"s:108:6:109:Infinity":45,"s:108:32:108:Infinity":46,"s:109:11:109:Infinity":47,"s:111:4:111:Infinity":48}}}
,"C:\\Users\\nisha\\Desktop\\Promptwars\\Challenge\\src\\store\\uiStore.ts": {"path":"C:\\Users\\nisha\\Desktop\\Promptwars\\Challenge\\src\\store\\uiStore.ts","statementMap":{"0":{"start":{"line":17,"column":13},"end":{"line":39,"column":null}},"1":{"start":{"line":17,"column":52},"end":{"line":39,"column":2}},"2":{"start":{"line":23,"column":25},"end":{"line":23,"column":null}},"3":{"start":{"line":25,"column":24},"end":{"line":29,"column":null}},"4":{"start":{"line":26,"column":17},"end":{"line":26,"column":null}},"5":{"start":{"line":27,"column":4},"end":{"line":27,"column":null}},"6":{"start":{"line":28,"column":4},"end":{"line":28,"column":null}},"7":{"start":{"line":31,"column":21},"end":{"line":31,"column":null}},"8":{"start":{"line":32,"column":19},"end":{"line":32,"column":null}},"9":{"start":{"line":35,"column":4},"end":{"line":35,"column":null}},"10":{"start":{"line":36,"column":4},"end":{"line":36,"column":null}},"11":{"start":{"line":36,"column":21},"end":{"line":36,"column":50}},"12":{"start":{"line":38,"column":19},"end":{"line":38,"column":null}}},"fnMap":{"0":{"name":"(anonymous_0)","decl":{"start":{"line":17,"column":26},"end":{"line":17,"column":43}},"loc":{"start":{"line":17,"column":52},"end":{"line":39,"column":2}},"line":17},"1":{"name":"(anonymous_1)","decl":{"start":{"line":23,"column":2},"end":{"line":23,"column":16}},"loc":{"start":{"line":23,"column":25},"end":{"line":23,"column":null}},"line":23},"2":{"name":"(anonymous_2)","decl":{"start":{"line":25,"column":2},"end":{"line":25,"column":24}},"loc":{"start":{"line":25,"column":24},"end":{"line":29,"column":null}},"line":25},"3":{"name":"(anonymous_3)","decl":{"start":{"line":25,"column":24},"end":{"line":25,"column":29}},"loc":{"start":{"line":25,"column":35},"end":{"line":29,"column":3}},"line":25},"4":{"name":"(anonymous_4)","decl":{"start":{"line":31,"column":2},"end":{"line":31,"column":14}},"loc":{"start":{"line":31,"column":21},"end":{"line":31,"column":null}},"line":31},"5":{"name":"(anonymous_5)","decl":{"start":{"line":32,"column":2},"end":{"line":32,"column":19}},"loc":{"start":{"line":32,"column":19},"end":{"line":32,"column":null}},"line":32},"6":{"name":"(anonymous_6)","decl":{"start":{"line":34,"column":2},"end":{"line":34,"column":14}},"loc":{"start":{"line":34,"column":22},"end":{"line":37,"column":null}},"line":34},"7":{"name":"(anonymous_7)","decl":{"start":{"line":36,"column":4},"end":{"line":36,"column":21}},"loc":{"start":{"line":36,"column":21},"end":{"line":36,"column":50}},"line":36},"8":{"name":"(anonymous_8)","decl":{"start":{"line":38,"column":2},"end":{"line":38,"column":19}},"loc":{"start":{"line":38,"column":19},"end":{"line":38,"column":null}},"line":38}},"branchMap":{},"s":{"0":2,"1":2,"2":1,"3":2,"4":2,"5":2,"6":2,"7":1,"8":1,"9":1,"10":1,"11":1,"12":0},"f":{"0":2,"1":1,"2":2,"3":2,"4":1,"5":1,"6":1,"7":1,"8":0},"b":{},"meta":{"lastBranch":0,"lastFunction":9,"lastStatement":13,"seen":{"s:17:13:39:Infinity":0,"f:17:26:17:43":0,"s:17:52:39:2":1,"f:23:2:23:16":1,"s:23:25:23:Infinity":2,"f:25:2:25:24":2,"s:25:24:29:Infinity":3,"f:25:24:25:29":3,"s:26:17:26:Infinity":4,"s:27:4:27:Infinity":5,"s:28:4:28:Infinity":6,"f:31:2:31:14":4,"s:31:21:31:Infinity":7,"f:32:2:32:19":5,"s:32:19:32:Infinity":8,"f:34:2:34:14":6,"s:35:4:35:Infinity":9,"s:36:4:36:Infinity":10,"f:36:4:36:21":7,"s:36:21:36:50":11,"f:38:2:38:19":8,"s:38:19:38:Infinity":12}}}
,"C:\\Users\\nisha\\Desktop\\Promptwars\\Challenge\\src\\store\\userStore.ts": {"path":"C:\\Users\\nisha\\Desktop\\Promptwars\\Challenge\\src\\store\\userStore.ts","statementMap":{"0":{"start":{"line":15,"column":13},"end":{"line":62,"column":null}},"1":{"start":{"line":15,"column":61},"end":{"line":62,"column":2}},"2":{"start":{"line":20,"column":4},"end":{"line":25,"column":null}},"3":{"start":{"line":21,"column":22},"end":{"line":21,"column":null}},"4":{"start":{"line":22,"column":6},"end":{"line":22,"column":null}},"5":{"start":{"line":24,"column":6},"end":{"line":24,"column":null}},"6":{"start":{"line":29,"column":20},"end":{"line":29,"column":null}},"7":{"start":{"line":30,"column":4},"end":{"line":30,"column":null}},"8":{"start":{"line":30,"column":18},"end":{"line":30,"column":null}},"9":{"start":{"line":31,"column":20},"end":{"line":31,"column":null}},"10":{"start":{"line":32,"column":4},"end":{"line":32,"column":null}},"11":{"start":{"line":33,"column":4},"end":{"line":33,"column":null}},"12":{"start":{"line":37,"column":33},"end":{"line":48,"column":null}},"13":{"start":{"line":49,"column":4},"end":{"line":49,"column":null}},"14":{"start":{"line":50,"column":4},"end":{"line":50,"column":null}},"15":{"start":{"line":54,"column":4},"end":{"line":54,"column":null}},"16":{"start":{"line":55,"column":4},"end":{"line":55,"column":null}},"17":{"start":{"line":56,"column":4},"end":{"line":56,"column":null}},"18":{"start":{"line":57,"column":4},"end":{"line":57,"column":null}},"19":{"start":{"line":58,"column":4},"end":{"line":58,"column":null}},"20":{"start":{"line":59,"column":4},"end":{"line":59,"column":null}},"21":{"start":{"line":60,"column":4},"end":{"line":60,"column":null}}},"fnMap":{"0":{"name":"(anonymous_0)","decl":{"start":{"line":15,"column":28},"end":{"line":15,"column":47}},"loc":{"start":{"line":15,"column":61},"end":{"line":62,"column":2}},"line":15},"1":{"name":"(anonymous_1)","decl":{"start":{"line":19,"column":15},"end":{"line":19,"column":27}},"loc":{"start":{"line":19,"column":27},"end":{"line":26,"column":null}},"line":19},"2":{"name":"(anonymous_2)","decl":{"start":{"line":28,"column":17},"end":{"line":28,"column":24}},"loc":{"start":{"line":28,"column":36},"end":{"line":34,"column":null}},"line":28},"3":{"name":"(anonymous_3)","decl":{"start":{"line":36,"column":22},"end":{"line":36,"column":29}},"loc":{"start":{"line":36,"column":53},"end":{"line":51,"column":null}},"line":36},"4":{"name":"(anonymous_4)","decl":{"start":{"line":53,"column":16},"end":{"line":53,"column":28}},"loc":{"start":{"line":53,"column":28},"end":{"line":61,"column":null}},"line":53}},"branchMap":{"0":{"loc":{"start":{"line":22,"column":21},"end":{"line":22,"column":38}},"type":"binary-expr","locations":[{"start":{"line":22,"column":21},"end":{"line":22,"column":32}},{"start":{"line":22,"column":32},"end":{"line":22,"column":38}}],"line":22},"1":{"loc":{"start":{"line":30,"column":4},"end":{"line":30,"column":null}},"type":"if","locations":[{"start":{"line":30,"column":4},"end":{"line":30,"column":null}},{"start":{},"end":{}}],"line":30}},"s":{"0":1,"1":1,"2":0,"3":0,"4":0,"5":0,"6":1,"7":1,"8":0,"9":1,"10":1,"11":1,"12":2,"13":2,"14":2,"15":0,"16":0,"17":0,"18":0,"19":0,"20":0,"21":0},"f":{"0":1,"1":0,"2":1,"3":2,"4":0},"b":{"0":[0,0],"1":[0,1]},"meta":{"lastBranch":2,"lastFunction":5,"lastStatement":22,"seen":{"s:15:13:62:Infinity":0,"f:15:28:15:47":0,"s:15:61:62:2":1,"f:19:15:19:27":1,"s:20:4:25:Infinity":2,"s:21:22:21:Infinity":3,"s:22:6:22:Infinity":4,"b:22:21:22:32:22:32:22:38":0,"s:24:6:24:Infinity":5,"f:28:17:28:24":2,"s:29:20:29:Infinity":6,"b:30:4:30:Infinity:undefined:undefined:undefined:undefined":1,"s:30:4:30:Infinity":7,"s:30:18:30:Infinity":8,"s:31:20:31:Infinity":9,"s:32:4:32:Infinity":10,"s:33:4:33:Infinity":11,"f:36:22:36:29":3,"s:37:33:48:Infinity":12,"s:49:4:49:Infinity":13,"s:50:4:50:Infinity":14,"f:53:16:53:28":4,"s:54:4:54:Infinity":15,"s:55:4:55:Infinity":16,"s:56:4:56:Infinity":17,"s:57:4:57:Infinity":18,"s:58:4:58:Infinity":19,"s:59:4:59:Infinity":20,"s:60:4:60:Infinity":21}}}
}
